<?xml version="1.0" encoding="UTF-8"?>
<testsuite xmlns:xsi="http://www.w3.org/2001/XMLSchema-instance" xsi:noNamespaceSchemaLocation="https://maven.apache.org/surefire/maven-surefire-plugin/xsd/surefire-test-report.xsd" version="3.0.2" name="com.sahil_gupta00790.BajajFinservHealth.bajaj_challenge_app.BajajChallengeAppApplicationTests" time="3.088" tests="1" errors="0" skipped="0" failures="0">
  <properties>
[...]
</properties>
  <testcase name="contextLoads" classname="com.sahil_gupta00790.BajajFinservHealth.bajaj_challenge_app.BajajChallengeAppApplicationTests" time="0.775">
    <system-out><![CDATA[17:51:27.336 [main] INFO org.springframework.test.context.support.AnnotationConfigContextLoaderUtils -- Could not detect default configuration classes for test class [com.sahil_gupta00790.BajajFinservHealth.bajaj_challenge_app.BajajChallengeAppApplicationTests]: BajajChallengeAppApplicationTests does not declare any static, non-private, non-final, nested classes annotated with @Configuration.
17:51:27.460 [main] INFO org.springframework.boot.test.context.SpringBootTestContextBootstrapper -- Found @SpringBootConfiguration com.sahil_gupta00790.BajajFinservHealth.bajaj_challenge_app.BajajChallengeAppApplication for test class com.sahil_gupta00790.BajajFinservHealth.bajaj_challenge_app.BajajChallengeAppApplicationTests

  .   ____          _            __ _ _
 /\\ / ___'_ __ _ _(_)_ __  __ _ \ \ \ \
( ( )\___ | '_ | '_| | '_ \/ _` | \ \ \ \
 \\/  ___)| |_)| | | | | || (_| |  ) ) ) )
  '  |____| .__|_| |_|_| |_\__, | / / / /
 =========|_|==============|___/=/_/_/_/

 :: Spring Boot ::                (v3.4.5)

2025-04-25T17:51:27.915+05:30  INFO 26600 --- [bajaj-challenge-app] [           main] .s.B.b.BajajChallengeAppApplicationTests : Starting BajajChallengeAppApplicationTests using Java 17.0.12 with PID 26600 (started by sahil in C:\Users\sahil\Codes\bajaj\BajajFinservHealth\bajaj-challenge-app)
2025-04-25T17:51:27.916+05:30  INFO 26600 --- [bajaj-challenge-app] [           main] .s.B.b.BajajChallengeAppApplicationTests : No active profile set, falling back to 1 default profile: "default"
2025-04-25T17:51:29.226+05:30  INFO 26600 --- [bajaj-challenge-app] [           main] .s.B.b.BajajChallengeAppApplicationTests : Started BajajChallengeAppApplicationTests in 1.601 seconds (process running for 2.487)
2025-04-25T17:51:29.229+05:30  INFO 26600 --- [bajaj-challenge-app] [           main] c.s.B.b.service.ChallengeStartupRunner   : ChallengeStartupRunner starting for RegNo: RA2211003011809
2025-04-25T17:51:29.232+05:30  INFO 26600 --- [bajaj-challenge-app] [           main] c.s.B.b.service.ChallengeService         : Sending initial request to /generateWebhook: InitialRequest(name=sahil, regNo=RA2211003011809, email=sahil.gupta.150520@gmail.com)
2025-04-25T17:51:29.995+05:30  INFO 26600 --- [bajaj-challenge-app] [flux-http-nio-2] c.s.B.b.service.ChallengeStartupRunner   : receeived w
2025-04-25T17:51:29.996+05:30  INFO 26600 --- [bajaj-challenge-app] [flux-http-nio-2] c.s.B.b.service.ChallengeStartupRunner   : received at
2025-04-25T17:51:29.996+05:30  INFO 26600 --- [bajaj-challenge-app] [flux-http-nio-2] c.s.B.b.service.ChallengeStartupRunner   : parsed data
2025-04-25T17:51:29.996+05:30  INFO 26600 --- [bajaj-challenge-app] [flux-http-nio-2] c.s.B.b.service.ChallengeStartupRunner   :  submitting
2025-04-25T17:51:29.997+05:30  INFO 26600 --- [bajaj-challenge-app] [flux-http-nio-2] c.s.B.b.service.ChallengeService         : Attempting to submit solution to webhook: https://bfhldevapigw.healthrx.co.in/hiring/testWebhook with payload: SubmissionPayload(regNo=RA2211003011809, outcome=[])
2025-04-25T17:51:30.134+05:30  INFO 26600 --- [bajaj-challenge-app] [flux-http-nio-2] c.s.B.b.service.ChallengeService         : Solution successfully submitted to webhook.
2025-04-25T17:51:30.135+05:30  INFO 26600 --- [bajaj-challenge-app] [flux-http-nio-2] c.s.B.b.service.ChallengeStartupRunner   : finished.
]]></system-out>
  </testcase>
</testsuite>